TN:
SF:app.js
FNF:0
FNH:0
DA:1,1
DA:2,1
DA:4,1
DA:6,1
DA:8,1
DA:10,1
LF:6
LH:6
BRF:0
BRH:0
end_of_record
TN:
SF:constants.js
FNF:0
FNH:0
DA:1,1
DA:2,1
DA:3,1
DA:5,1
LF:4
LH:4
BRF:0
BRH:0
end_of_record
TN:
SF:api/controllers/quotesController.js
FN:6,(anonymous_0)
FN:33,(anonymous_1)
FN:46,(anonymous_2)
FN:60,(anonymous_3)
FN:75,(anonymous_4)
FNF:5
FNH:5
FNDA:3,(anonymous_0)
FNDA:3,(anonymous_1)
FNDA:3,(anonymous_2)
FNDA:3,(anonymous_3)
FNDA:6,(anonymous_4)
DA:1,1
DA:2,1
DA:4,1
DA:6,1
DA:7,3
DA:10,3
DA:11,2
DA:16,1
DA:17,1
DA:18,1
DA:21,3
DA:26,3
DA:27,2
DA:29,1
DA:33,1
DA:34,3
DA:35,3
DA:36,2
DA:37,1
DA:39,1
DA:42,1
DA:46,1
DA:47,3
DA:48,3
DA:50,2
DA:51,1
DA:53,1
DA:56,1
DA:60,1
DA:61,3
DA:62,3
DA:65,2
DA:66,1
DA:68,1
DA:71,1
DA:75,1
DA:76,6
DA:77,6
DA:79,4
DA:80,2
DA:82,2
DA:85,2
LF:42
LH:42
BRDA:10,0,0,2
BRDA:10,0,1,1
BRDA:10,1,0,3
BRDA:10,1,1,2
BRDA:36,2,0,1
BRDA:36,2,1,1
BRDA:50,3,0,1
BRDA:50,3,1,1
BRDA:65,4,0,1
BRDA:65,4,1,1
BRDA:79,5,0,2
BRDA:79,5,1,2
BRF:12
BRH:12
end_of_record
TN:
SF:api/models/quoteSchema.js
FNF:0
FNH:0
DA:1,1
DA:2,1
DA:15,1
DA:16,1
LF:4
LH:4
BRF:0
BRH:0
end_of_record
TN:
SF:api/routes/quotesRouter.js
FNF:0
FNH:0
DA:1,1
DA:3,1
DA:5,1
DA:7,1
DA:12,1
DA:18,1
LF:6
LH:6
BRF:0
BRH:0
end_of_record
TN:
SF:api/tests/quotes.test.data.js
FNF:0
FNH:0
DA:1,1
DA:7,1
LF:2
LH:2
BRF:0
BRH:0
end_of_record
